app/build/outputs/apk/manifest-merger-debug-report.txt
-- Merging decision tree log ---
manifest
ADDED from AndroidManifest.xml:2:1
	package
		ADDED from AndroidManifest.xml:3:5
		INJECTED from AndroidManifest.xml:0:0
		INJECTED from AndroidManifest.xml:0:0
	android:versionName
		ADDED from AndroidManifest.xml:5:5
	android:versionCode
		ADDED from AndroidManifest.xml:4:5
		INJECTED from AndroidManifest.xml:0:0
		INJECTED from AndroidManifest.xml:0:0
	xmlns:android
		ADDED from AndroidManifest.xml:2:11
uses-sdk
ADDED from AndroidManifest.xml:7:5
MERGED from com.android.support:support-v4:20.0.0:16:5
MERGED from com.android.support:appcompat-v7:20.0.0:16:5
MERGED from com.android.support:support-v4:20.0.0:16:5
	android:targetSdkVersion
		ADDED from AndroidManifest.xml:9:9
		INJECTED from AndroidManifest.xml:0:0
		INJECTED from AndroidManifest.xml:0:0
	android:minSdkVersion
		ADDED from AndroidManifest.xml:8:9
		INJECTED from AndroidManifest.xml:0:0
		INJECTED from AndroidManifest.xml:0:0
application
ADDED from AndroidManifest.xml:11:5
MERGED from com.android.support:support-v4:20.0.0:17:5
MERGED from com.android.support:appcompat-v7:20.0.0:17:5
MERGED from com.android.support:support-v4:20.0.0:17:5
	android:label
		ADDED from AndroidManifest.xml:15:9
	android:allowBackup
		ADDED from AndroidManifest.xml:12:9
	android:icon
		ADDED from AndroidManifest.xml:14:9
	android:theme
		ADDED from AndroidManifest.xml:16:9
	android:name
		ADDED from AndroidManifest.xml:13:9
meta-data#com.baidu.lbsapi.API_KEY
ADDED from AndroidManifest.xml:17:10
	android:value
		ADDED from AndroidManifest.xml:19:9
	android:name
		ADDED from AndroidManifest.xml:18:9
activity#com.example.campusdetectionv2.SplashActivity
ADDED from AndroidManifest.xml:20:10
	android:label
		ADDED from AndroidManifest.xml:22:14
	android:name
		ADDED from AndroidManifest.xml:21:13
intent-filter#android.intent.action.MAIN+android.intent.category.LAUNCHER
ADDED from AndroidManifest.xml:23:13
action#android.intent.action.MAIN
ADDED from AndroidManifest.xml:24:17
	android:name
		ADDED from AndroidManifest.xml:24:25
category#android.intent.category.LAUNCHER
ADDED from AndroidManifest.xml:26:17
	android:name
		ADDED from AndroidManifest.xml:26:27
activity#com.example.campusdetectionv2.SignInActivity
ADDED from AndroidManifest.xml:29:9
	android:label
		ADDED from AndroidManifest.xml:31:13
	android:name
		ADDED from AndroidManifest.xml:30:13
activity#com.example.campusdetectionv2.SignUpActivity
ADDED from AndroidManifest.xml:33:9
	android:label
		ADDED from AndroidManifest.xml:35:13
	android:name
		ADDED from AndroidManifest.xml:34:13
activity#com.example.campusdetectionv2.MainActivity
ADDED from AndroidManifest.xml:37:9
	android:label
		ADDED from AndroidManifest.xml:39:13
	android:name
		ADDED from AndroidManifest.xml:38:13
activity#com.example.campusdetectionv2.LocActivity
ADDED from AndroidManifest.xml:41:8
	android:label
		ADDED from AndroidManifest.xml:43:13
	android:name
		ADDED from AndroidManifest.xml:42:13
activity#com.example.campusdetectionv2.DetialActivity
ADDED from AndroidManifest.xml:45:9
	android:label
		ADDED from AndroidManifest.xml:47:13
	android:name
		ADDED from AndroidManifest.xml:46:13
activity#com.example.campusdetectionv2.ImageActivity
ADDED from AndroidManifest.xml:49:9
	android:label
		ADDED from AndroidManifest.xml:51:13
	android:name
		ADDED from AndroidManifest.xml:50:13
activity#com.example.campusdetectionv2.ReportImageActivity
ADDED from AndroidManifest.xml:53:9
	android:label
		ADDED from AndroidManifest.xml:55:13
	android:name
		ADDED from AndroidManifest.xml:54:13
activity#com.example.campusdetectionv2.BrowsingInfoActivity
ADDED from AndroidManifest.xml:57:10
	android:label
		ADDED from AndroidManifest.xml:59:13
	android:name
		ADDED from AndroidManifest.xml:58:13
service#com.baidu.location.f
ADDED from AndroidManifest.xml:61:9
	android:enabled
		ADDED from AndroidManifest.xml:61:54
	android:process
		ADDED from AndroidManifest.xml:61:77
	android:name
		ADDED from AndroidManifest.xml:61:18
uses-permission#android.permission.GET_ACCOUNTS
ADDED from AndroidManifest.xml:64:6
	android:name
		ADDED from AndroidManifest.xml:64:23
uses-permission#android.permission.USE_CREDENTIALS
ADDED from AndroidManifest.xml:65:2
	android:name
		ADDED from AndroidManifest.xml:65:19
uses-permission#android.permission.MANAGE_ACCOUNTS
ADDED from AndroidManifest.xml:66:2
	android:name
		ADDED from AndroidManifest.xml:66:19
uses-permission#android.permission.AUTHENTICATE_ACCOUNTS
ADDED from AndroidManifest.xml:67:2
	android:name
		ADDED from AndroidManifest.xml:67:19
uses-permission#android.permission.ACCESS_NETWORK_STATE
ADDED from AndroidManifest.xml:68:2
	android:name
		ADDED from AndroidManifest.xml:68:19
uses-permission#android.permission.INTERNET
ADDED from AndroidManifest.xml:69:2
	android:name
		ADDED from AndroidManifest.xml:69:19
uses-permission#com.android.launcher.permission.READ_SETTINGS
ADDED from AndroidManifest.xml:70:2
	android:name
		ADDED from AndroidManifest.xml:70:19
uses-permission#android.permission.CHANGE_WIFI_STATE
ADDED from AndroidManifest.xml:71:2
	android:name
		ADDED from AndroidManifest.xml:71:19
uses-permission#android.permission.ACCESS_WIFI_STATE
ADDED from AndroidManifest.xml:72:2
	android:name
		ADDED from AndroidManifest.xml:72:19
uses-permission#android.permission.READ_PHONE_STATE
ADDED from AndroidManifest.xml:73:2
	android:name
		ADDED from AndroidManifest.xml:73:19
uses-permission#android.permission.BROADCAST_STICKY
ADDED from AndroidManifest.xml:75:2
	android:name
		ADDED from AndroidManifest.xml:75:19
uses-permission#android.permission.WRITE_SETTINGS
ADDED from AndroidManifest.xml:76:2
	android:name
		ADDED from AndroidManifest.xml:76:19
uses-permission#android.permission.WRITE_EXTERNAL_STORAGE
ADDED from AndroidManifest.xml:78:5
	android:name
		ADDED from AndroidManifest.xml:78:22
uses-permission#android.permission.READ_LOGS
ADDED from AndroidManifest.xml:81:1
	android:name
		ADDED from AndroidManifest.xml:81:18
uses-permission#android.permission.WRITE_CONTACTS
ADDED from AndroidManifest.xml:82:2
	android:name
		ADDED from AndroidManifest.xml:82:19
uses-permission#android.permission.CAMERA
ADDED from AndroidManifest.xml:83:1
	android:name
		ADDED from AndroidManifest.xml:83:18
uses-feature#android.hardware.camera
ADDED from AndroidManifest.xml:86:1
	android:required
		ADDED from AndroidManifest.xml:86:54
	android:name
		ADDED from AndroidManifest.xml:86:15
uses-permission#android.permission.ACCESS_COARSE_LOCATION
ADDED from AndroidManifest.xml:88:1
	android:name
		ADDED from AndroidManifest.xml:88:18
uses-permission#android.permission.ACCESS_FINE_LOCATION
ADDED from AndroidManifest.xml:90:1
	android:name
		ADDED from AndroidManifest.xml:90:18
uses-permission#android.permission.MOUNT_UNMOUNT_FILESYSTEMS
ADDED from AndroidManifest.xml:104:1
	android:name
		ADDED from AndroidManifest.xml:104:18